Warning message:
package 'data.table' was built under R version 3.3.2 
Warning message:
package 'Matrix.utils' was built under R version 3.3.2 
Warning messages:
1: package 'caret' was built under R version 3.3.2 
2: package 'ggplot2' was built under R version 3.3.2 
Please upgrade to the latest version of the Synapse Client, 1.14-3, by running the following commands:
	source('http://depot.sagebase.org/CRAN.R')
	pkgInstall("synapseClient")

Here are this version's release notes:
https://sagebionetworks.jira.com/issues/?jql=project%20%3D%20SYNR%20AND%20fixVersion%20in%20(R-1.14-0%2C%20R-1.14-1%2C%20R-1.14-2%2C%20R-1.14-3)%20ORDER%20BY%20key%20DESC



Welcome brian.white!
Warning message:
In dir.create(download.dir) : './download' already exists

Completed 54.8%.
  % Total    % Received % Xferd  Average Speed   Time    Time     Time  Current
                                 Dload  Upload   Total   Spent    Left  Speed
  0     0    0     0    0     0      0      0 --:--:-- --:--:-- --:--:--     0  0     0    0     0    0     0      0      0 --:--:-- --:--:-- --:--:--     0  0  335k    0     0    0     0      0      0 --:--:--  0:00:01 --:--:--     0100  335k  100  335k    0     0   170k      0  0:00:01  0:00:01 --:--:--  170k

  % Total    % Received % Xferd  Average Speed   Time    Time     Time  Current
                                 Dload  Upload   Total   Spent    Left  Speed
  0     0    0     0    0     0      0      0 --:--:-- --:--:-- --:--:--     0  0  335k    0     0    0     0      0      0 --:--:-- --:--:-- --:--:--     0100  335k  100  335k    0     0   247k      0  0:00:01  0:00:01 --:--:--  248k
Reading in data.set EMTAB4032entrezIDlevel.csv: ./download/EMTAB4032entrezIDlevel.csv
Reading in data.set GSE19784HOVON65entrezIDlevel.csv: ./download/GSE19784HOVON65entrezIDlevel.csv
Reading in data.set GSE24080UAMSentrezIDlevel.csv: ./download/GSE24080UAMSentrezIDlevel.csv
Read 97.5% of 20514 rowsRead 20514 rows and 560 (of 560) columns from 0.181 GB file in 00:00:03
Reading in data.set MMRF_CoMMpass_IA9_E74GTF_Salmon_Gene_TPM.txt: ./download/MMRF_CoMMpass_IA9_E74GTF_Salmon_Gene_TPM.txt
Read 17.2% of 57997 rowsRead 51.7% of 57997 rowsRead 86.2% of 57997 rowsRead 57997 rows and 735 (of 735) columns from 0.287 GB file in 00:00:07
Warning message:
In process.expression.data.sets(anno.tbl) :
  Ambiguous mapping between Ensembl ID an Entrez TRANSLATION

Successfully trained model
